C:\Program Files (x86)\Microsoft Visual Studio\2019\Community\MSBuild\Microsoft\VC\v160\Microsoft.CppBuild.targets(491,5): warning MSB8028: The intermediate directory (Debug\) contains files shared from another project (Lab2.vcxproj).  This can lead to incorrect clean and rebuild behavior.
  Audio.cpp
  Display.cpp
  GameObject.cpp
  main.cpp
  MainGame.cpp
D:\Github repositories\GamesProgramming3\GP3 L7 Solution\Lab1\MainGame.cpp(129,32): warning C4244: 'argument': conversion from 'Sint32' to 'float', possible loss of data
D:\Github repositories\GamesProgramming3\GP3 L7 Solution\Lab1\MainGame.cpp(217,12): warning C4244: 'initializing': conversion from 'double' to 'float', possible loss of data
D:\Github repositories\GamesProgramming3\GP3 L7 Solution\Lab1\MainGame.cpp(218,11): warning C4244: 'initializing': conversion from 'double' to 'float', possible loss of data
D:\Github repositories\GamesProgramming3\GP3 L7 Solution\Lab1\MainGame.cpp(219,12): warning C4244: 'initializing': conversion from 'double' to 'float', possible loss of data
D:\Github repositories\GamesProgramming3\GP3 L7 Solution\Lab1\MainGame.cpp(418,44): warning C4244: 'argument': conversion from 'float' to 'GLsizei', possible loss of data
D:\Github repositories\GamesProgramming3\GP3 L7 Solution\Lab1\MainGame.cpp(418,41): warning C4244: 'argument': conversion from 'float' to 'GLsizei', possible loss of data
D:\Github repositories\GamesProgramming3\GP3 L7 Solution\Lab1\MainGame.cpp(426,65): warning C4244: 'argument': conversion from 'float' to 'GLsizei', possible loss of data
D:\Github repositories\GamesProgramming3\GP3 L7 Solution\Lab1\MainGame.cpp(426,62): warning C4244: 'argument': conversion from 'float' to 'GLsizei', possible loss of data
  Mesh.cpp
D:\Github repositories\GamesProgramming3\GP3 L7 Solution\Lab1\Mesh.cpp(56,9): warning C4930: 'Sphere meshSphere(void)': prototyped function not called (was a variable definition intended?)
  obj_loader.cpp
D:\Github repositories\GamesProgramming3\GP3 L7 Solution\Lab1\obj_loader.cpp(378,16): warning C4244: 'return': conversion from 'double' to 'float', possible loss of data
  SDLAudio.cpp
D:\Github repositories\GamesProgramming3\GP3 L7 Solution\Lab1\SDLAudio.cpp(54,15): warning C4018: '>': signed/unsigned mismatch
  Shader.cpp
  SkyBox.cpp
  Texture.cpp
  Generating Code...
  stb_image.c
  Lab1.vcxproj -> D:\Github repositories\GamesProgramming3\GP3 L7 Solution\Debug\Lab1.exe
